<?xml version="1.0" encoding="UTF-8"?>
<testsuite xmlns:xsi="http://www.w3.org/2001/XMLSchema-instance" xsi:noNamespaceSchemaLocation="https://maven.apache.org/surefire/maven-surefire-plugin/xsd/surefire-test-report-3.0.xsd" version="3.0" name="fdsprojectteam.FdsProjectTeamApplicationTests" time="4.108" tests="1" errors="0" skipped="0" failures="0">
  <properties>
[...]
</properties>
  <testcase name="contextLoads" classname="fdsprojectteam.FdsProjectTeamApplicationTests" time="0.834">
    <system-out><![CDATA[10:52:08.739 [main] INFO org.springframework.test.context.support.AnnotationConfigContextLoaderUtils -- Could not detect default configuration classes for test class [fdsprojectteam.FdsProjectTeamApplicationTests]: FdsProjectTeamApplicationTests does not declare any static, non-private, non-final, nested classes annotated with @Configuration.
10:52:08.889 [main] INFO org.springframework.boot.test.context.SpringBootTestContextBootstrapper -- Found @SpringBootConfiguration fdsprojectteam.FdsProjectTeamApplication for test class fdsprojectteam.FdsProjectTeamApplicationTests
10:52:09.089 [main] INFO org.springframework.boot.devtools.restart.RestartApplicationListener -- Restart disabled due to context in which it is running

  .   ____          _            __ _ _
 /\\ / ___'_ __ _ _(_)_ __  __ _ \ \ \ \
( ( )\___ | '_ | '_| | '_ \/ _` | \ \ \ \
 \\/  ___)| |_)| | | | | || (_| |  ) ) ) )
  '  |____| .__|_| |_|_| |_\__, | / / / /
 =========|_|==============|___/=/_/_/_/
 :: Spring Boot ::                (v3.2.5)

2024-06-03T10:52:09.326+09:00  INFO 13848 --- [FDSProjectTeam] [           main] f.FdsProjectTeamApplicationTests         : Starting FdsProjectTeamApplicationTests using Java 17.0.9 with PID 13848 (started by HKEDU in C:\Users\HKEDU\Desktop\FDSProjectTeam\FDSProjectTeam\FDSProjectTeam)
2024-06-03T10:52:09.328+09:00  INFO 13848 --- [FDSProjectTeam] [           main] f.FdsProjectTeamApplicationTests         : No active profile set, falling back to 1 default profile: "default"
2024-06-03T10:52:11.163+09:00  WARN 13848 --- [FDSProjectTeam] [           main] .s.s.UserDetailsServiceAutoConfiguration : 

Using generated security password: 3bd105eb-d0aa-4a2a-af56-51fcc759baa3

This generated password is for development use only. Your security configuration must be updated before running your application in production.

2024-06-03T10:52:11.437+09:00  INFO 13848 --- [FDSProjectTeam] [           main] o.s.s.web.DefaultSecurityFilterChain     : Will secure any request with [org.springframework.security.web.session.DisableEncodeUrlFilter@49cb5030, org.springframework.security.web.context.request.async.WebAsyncManagerIntegrationFilter@23c7cb18, org.springframework.security.web.context.SecurityContextHolderFilter@f95d64d, org.springframework.security.web.header.HeaderWriterFilter@69bc9584, org.springframework.web.filter.CorsFilter@30fbc23, org.springframework.security.web.authentication.logout.LogoutFilter@2755617b, org.springframework.security.web.savedrequest.RequestCacheAwareFilter@b7d2d51, org.springframework.security.web.servletapi.SecurityContextHolderAwareRequestFilter@66b0e207, org.springframework.security.web.authentication.AnonymousAuthenticationFilter@2d74cbbd, org.springframework.security.web.access.ExceptionTranslationFilter@314b7945]
2024-06-03T10:52:11.831+09:00  INFO 13848 --- [FDSProjectTeam] [           main] f.FdsProjectTeamApplicationTests         : Started FdsProjectTeamApplicationTests in 2.76 seconds (process running for 4.162)
]]></system-out>
  </testcase>
</testsuite>